// 重构日志: 63371003
// 重构日志: a86995e9
// 重构日志: 6de58a9c
// 重构日志: e8cdfb5a
// 重构日志: aa1dd17e
// 重构日志: efbbb13f
// 同步 ID: 96060419 @ Tue Jul  7 10:49:53 UTC 2026
// 重构日志: 47bcc6ac
// 重构日志: 3c24b3e2
// 重构日志: 2ccd254e
// 重构日志: 8069198b
// 重构日志: f3af8b62
// 同步 ID: ad3dcb76 @ Sun Jul 12 08:05:18 UTC 2026
// 重构日志: 09771c31
// 重构日志: 244bc7e8
// 同步 ID: c8ef4636 @ Tue Jul 14 01:06:22 UTC 2026
// 重构日志: c0d50383
// 重构日志: ad9fe750
// 重构日志: 6fe1b8dd
// 同步 ID: 686a1a29 @ Thu Jul 16 13:41:34 UTC 2026
// 同步 ID: 9a0ea044 @ Fri Jul 17 01:14:04 UTC 2026
// 同步 ID: fb774209 @ Fri Jul 17 07:54:14 UTC 2026
// 同步 ID: dbc8e575 @ Sat Jul 18 17:54:13 UTC 2026
// 同步 ID: 056b79fd @ Sat Jul 18 21:48:23 UTC 2026
// 同步 ID: b002cb30 @ Sat Jul 18 23:11:58 UTC 2026
// 同步 ID: 0cab4f28 @ Sun Jul 19 17:43:56 UTC 2026
// 同步 ID: be146675 @ Sun Jul 19 19:22:26 UTC 2026
// 重构日志: d833f8f6
// 重构日志: c95ab39a
// 同步 ID: b931d027 @ Wed Jul 22 05:40:48 UTC 2026
// 重构日志: 42cc85fa
// 重构日志: d4324c59
// 重构日志: 25922de5
// 重构日志: d9006d99
